2025-03-28 01:06:08,466 - Node-1 - INFO - Initializing node 1
2025-03-28 01:06:08,467 - Node-1 - INFO - Loaded 383 log entries from disk
2025-03-28 01:06:08,467 - Node-1 - INFO - Loaded state machine with 12 items from disk
2025-03-28 01:06:08,467 - Node-1 - INFO - Loaded metadata from disk: term=1303, commit_index=382, last_applied=382
2025-03-28 01:06:08,467 - Node-1 - INFO - Initialized node 1 as FOLLOWER
2025-03-28 01:06:08,479 - RaftServer - INFO - Raft server node 1 started on localhost:50051
2025-03-28 01:06:08,689 - Node-1 - INFO - Starting election for term 1304
2025-03-28 01:06:08,968 - Node-1 - INFO - Starting election for term 1305
2025-03-28 01:06:09,101 - Node-1 - INFO - Granted vote to node 2 for term 1449
2025-03-28 01:06:09,381 - Node-1 - INFO - Granted vote to node 2 for term 1450
2025-03-28 01:06:09,548 - Node-1 - INFO - Granted vote to node 2 for term 1451
2025-03-28 01:06:09,591 - Node-1 - INFO - Granted vote to node 3 for term 1495
2025-03-28 01:06:09,602 - Node-1 - INFO - Log consistency check failed at index 385, my log length: 383
2025-03-28 01:06:09,602 - Node-1 - INFO - Log consistency check failed at index 384, my log length: 383
2025-03-28 01:06:09,603 - Node-1 - INFO - Log consistency check failed at index 383, my log length: 383
2025-03-28 01:06:09,603 - Node-1 - INFO - Received 4 entries from leader
2025-03-28 01:06:09,603 - Node-1 - INFO - Appended log entry at index 383: {'type': 'noop'}
2025-03-28 01:06:09,603 - Node-1 - INFO - Appended log entry at index 384: {'type': 'noop'}
2025-03-28 01:06:09,603 - Node-1 - INFO - Appended log entry at index 385: {'type': 'set', 'key': 'c', 'value': '3'}
2025-03-28 01:06:09,604 - Node-1 - INFO - Appended log entry at index 386: {'type': 'noop'}
2025-03-28 01:06:09,605 - Node-1 - INFO - Updated commit index from 382 to 385
2025-03-28 01:06:09,634 - Node-1 - INFO - Applying entries from index 383 to 385
2025-03-28 01:06:09,634 - Node-1 - INFO - Applied SET c=3 to state machine, state now: {'color': 'blue', 'fruit': 'apple', 'status': 'after_leader_failure', '_find_leader': 'ping', 'temperature': '25', 'car': 'volks', 'phone': 'apple', 'horse': 'people', 'money': 'dollar', 'ppl': 'rich', 'a': '2', 'b': '3', 'c': '3'}
2025-03-28 01:06:09,666 - Node-1 - INFO - Updated commit index from 385 to 386
2025-03-28 01:06:09,687 - Node-1 - INFO - Applying entries from index 386 to 386
2025-03-28 01:06:25,930 - Node-1 - INFO - Node status requested, reporting state: NodeState.FOLLOWER
2025-03-28 01:06:26,037 - Node-1 - INFO - Health check requested, reporting status: 1
2025-03-28 01:06:27,945 - Node-1 - INFO - Node status requested, reporting state: NodeState.FOLLOWER
2025-03-28 01:06:29,962 - Node-1 - INFO - Node status requested, reporting state: NodeState.FOLLOWER
2025-03-28 01:06:29,973 - Node-1 - INFO - Health check requested, reporting status: 1
2025-03-28 01:06:31,977 - Node-1 - INFO - Node status requested, reporting state: NodeState.FOLLOWER
2025-03-28 01:06:31,987 - Node-1 - INFO - Health check requested, reporting status: 1
2025-03-28 01:06:33,986 - Node-1 - INFO - Node status requested, reporting state: NodeState.FOLLOWER
2025-03-28 01:06:33,995 - Node-1 - INFO - Health check requested, reporting status: 1
2025-03-28 01:06:36,000 - Node-1 - INFO - Node status requested, reporting state: NodeState.FOLLOWER
2025-03-28 01:06:36,013 - Node-1 - INFO - Health check requested, reporting status: 1
2025-03-28 01:06:38,017 - Node-1 - INFO - Node status requested, reporting state: NodeState.FOLLOWER
2025-03-28 01:06:38,033 - Node-1 - INFO - Health check requested, reporting status: 1
2025-03-28 01:06:40,038 - Node-1 - INFO - Node status requested, reporting state: NodeState.FOLLOWER
2025-03-28 01:06:40,052 - Node-1 - INFO - Health check requested, reporting status: 1
2025-03-28 01:06:42,054 - Node-1 - INFO - Node status requested, reporting state: NodeState.FOLLOWER
2025-03-28 01:06:42,062 - Node-1 - INFO - Health check requested, reporting status: 1
2025-03-28 01:06:44,067 - Node-1 - INFO - Node status requested, reporting state: NodeState.FOLLOWER
2025-03-28 01:06:44,076 - Node-1 - INFO - Health check requested, reporting status: 1
2025-03-28 01:06:46,079 - Node-1 - INFO - Node status requested, reporting state: NodeState.FOLLOWER
2025-03-28 01:06:46,086 - Node-1 - INFO - Health check requested, reporting status: 1
2025-03-28 01:06:48,090 - Node-1 - INFO - Node status requested, reporting state: NodeState.FOLLOWER
2025-03-28 01:06:48,099 - Node-1 - INFO - Health check requested, reporting status: 1
2025-03-28 01:06:50,100 - Node-1 - INFO - Node status requested, reporting state: NodeState.FOLLOWER
2025-03-28 01:06:50,114 - Node-1 - INFO - Health check requested, reporting status: 1
2025-03-28 01:06:52,117 - Node-1 - INFO - Node status requested, reporting state: NodeState.FOLLOWER
2025-03-28 01:06:52,127 - Node-1 - INFO - Health check requested, reporting status: 1
2025-03-28 01:06:54,139 - Node-1 - INFO - Node status requested, reporting state: NodeState.FOLLOWER
2025-03-28 01:06:54,171 - Node-1 - INFO - Health check requested, reporting status: 1
2025-03-28 01:06:56,173 - Node-1 - INFO - Node status requested, reporting state: NodeState.FOLLOWER
2025-03-28 01:06:56,180 - Node-1 - INFO - Health check requested, reporting status: 1
2025-03-28 01:06:58,184 - Node-1 - INFO - Node status requested, reporting state: NodeState.FOLLOWER
2025-03-28 01:06:58,193 - Node-1 - INFO - Health check requested, reporting status: 1
2025-03-28 01:07:00,196 - Node-1 - INFO - Node status requested, reporting state: NodeState.FOLLOWER
2025-03-28 01:07:00,204 - Node-1 - INFO - Health check requested, reporting status: 1
2025-03-28 01:07:02,205 - Node-1 - INFO - Node status requested, reporting state: NodeState.FOLLOWER
2025-03-28 01:07:02,214 - Node-1 - INFO - Health check requested, reporting status: 1
2025-03-28 01:07:04,215 - Node-1 - INFO - Node status requested, reporting state: NodeState.FOLLOWER
2025-03-28 01:07:04,223 - Node-1 - INFO - Health check requested, reporting status: 1
2025-03-28 01:07:06,225 - Node-1 - INFO - Node status requested, reporting state: NodeState.FOLLOWER
2025-03-28 01:07:06,241 - Node-1 - INFO - Health check requested, reporting status: 1
2025-03-28 01:07:08,242 - Node-1 - INFO - Node status requested, reporting state: NodeState.FOLLOWER
2025-03-28 01:07:08,250 - Node-1 - INFO - Health check requested, reporting status: 1
2025-03-28 01:07:10,255 - Node-1 - INFO - Node status requested, reporting state: NodeState.FOLLOWER
2025-03-28 01:07:10,268 - Node-1 - INFO - Health check requested, reporting status: 1
2025-03-28 01:07:12,272 - Node-1 - INFO - Node status requested, reporting state: NodeState.FOLLOWER
2025-03-28 01:07:12,282 - Node-1 - INFO - Health check requested, reporting status: 1
2025-03-28 01:07:13,686 - Node-1 - INFO - GET request for key '__leader_check__', state machine has keys: ['color', 'fruit', 'status', '_find_leader', 'temperature', 'car', 'phone', 'horse', 'money', 'ppl', 'a', 'b', 'c']
2025-03-28 01:07:13,689 - Node-1 - INFO - GET request for key 'a', state machine has keys: ['color', 'fruit', 'status', '_find_leader', 'temperature', 'car', 'phone', 'horse', 'money', 'ppl', 'a', 'b', 'c']
2025-03-28 01:07:14,289 - Node-1 - INFO - Node status requested, reporting state: NodeState.FOLLOWER
2025-03-28 01:07:14,304 - Node-1 - INFO - Health check requested, reporting status: 1
2025-03-28 01:07:16,305 - Node-1 - INFO - Node status requested, reporting state: NodeState.FOLLOWER
2025-03-28 01:07:16,319 - Node-1 - INFO - Health check requested, reporting status: 1
2025-03-28 01:07:18,324 - Node-1 - INFO - Node status requested, reporting state: NodeState.FOLLOWER
2025-03-28 01:07:18,334 - Node-1 - INFO - Health check requested, reporting status: 1
2025-03-28 01:07:20,337 - Node-1 - INFO - Node status requested, reporting state: NodeState.FOLLOWER
2025-03-28 01:07:20,346 - Node-1 - INFO - Health check requested, reporting status: 1
2025-03-28 01:07:22,350 - Node-1 - INFO - Node status requested, reporting state: NodeState.FOLLOWER
2025-03-28 01:07:22,367 - Node-1 - INFO - Health check requested, reporting status: 1
2025-03-28 01:07:24,367 - Node-1 - INFO - Node status requested, reporting state: NodeState.FOLLOWER
2025-03-28 01:07:24,378 - Node-1 - INFO - Health check requested, reporting status: 1
2025-03-28 01:07:26,435 - RaftServer - INFO - Shutting down node 1...
2025-03-28 01:07:26,435 - RaftServer - INFO - Shutting down node 1...
