2025-03-28 17:41:35,032 - Node-5 - INFO - Initializing node 5
2025-03-28 17:41:35,036 - Node-5 - INFO - Loaded 868 log entries from disk
2025-03-28 17:41:35,037 - Node-5 - INFO - Loaded state machine with 9 items from disk
2025-03-28 17:41:35,037 - Node-5 - INFO - Loaded metadata from disk: term=11114, commit_index=867, last_applied=867
2025-03-28 17:41:35,037 - Node-5 - INFO - Initialized node 5 as FOLLOWER
2025-03-28 17:41:35,038 - Node-5 - INFO - GET request for key 'users', state machine has keys: ['color', 'fruit', 'status', '_find_leader', 'temperature', 'users', 'messages', 'online_users', 'sessions']
2025-03-28 17:41:35,038 - Node-5 - INFO - Applied SET users=<value> to state machine
2025-03-28 17:41:35,047 - Node-5 - INFO - GET request for key 'messages', state machine has keys: ['color', 'fruit', 'status', '_find_leader', 'temperature', 'users', 'messages', 'online_users', 'sessions']
2025-03-28 17:41:35,048 - Node-5 - INFO - GET request for key 'online_users', state machine has keys: ['color', 'fruit', 'status', '_find_leader', 'temperature', 'users', 'messages', 'online_users', 'sessions']
2025-03-28 17:41:35,048 - Node-5 - INFO - Applied SET online_users=<value> to state machine
2025-03-28 17:41:35,057 - Node-5 - INFO - GET request for key 'sessions', state machine has keys: ['color', 'fruit', 'status', '_find_leader', 'temperature', 'users', 'messages', 'online_users', 'sessions']
2025-03-28 17:41:35,057 - MessageService - INFO - Retrieved sessions from state machine: (True, '{"a5d59204-5491-487d-8e74-ea9dc8eb8200": {"user_id": "4926f9e9-a8a4-4ef4-8a4e-9370579029d2", "username": "pr28416", "created_at": 1743194747, "expires_at": 1745786747}, "8903954e-543b-4e3d-a339-d8a64ba842f5": {"user_id": "4926f9e9-a8a4-4ef4-8a4e-9370579029d2", "username": "pr28416", "created_at": 1743195316, "expires_at": 1745787316}, "3f288273-95f1-4ba4-87b2-822ab8b2175c": {"user_id": "4926f9e9-a8a4-4ef4-8a4e-9370579029d2", "username": "pr28416", "created_at": 1743195715, "expires_at": 1745787715}, "17457ce7-16b1-4009-8f83-1abca12d075d": {"user_id": "4926f9e9-a8a4-4ef4-8a4e-9370579029d2", "username": "pr28416", "created_at": 1743195830, "expires_at": 1745787830}, "b7fc5b02-20fa-4cba-a23e-6acdd73b8efe": {"user_id": "4926f9e9-a8a4-4ef4-8a4e-9370579029d2", "username": "pr28416", "created_at": 1743196663, "expires_at": 1745788663}, "96dfd340-b55f-4064-a14b-5e8bf21bd2fc": {"user_id": "4926f9e9-a8a4-4ef4-8a4e-9370579029d2", "username": "pr28416", "created_at": 1743196986, "expires_at": 1745788986}, "8b794aa7-da3b-43bf-baf8-7ffe82ca15c9": {"user_id": "4926f9e9-a8a4-4ef4-8a4e-9370579029d2", "username": "pr28416", "created_at": 1743197034, "expires_at": 1745789034}, "fa76e4bd-5fa8-4948-a077-e74553b4032e": {"user_id": "56ee9387-ecfc-411f-9c1c-cd2ebc5dfc7a", "username": "mzcassim", "created_at": 1743197046, "expires_at": 1745789046}, "cb3b2d1f-cbde-4396-b457-ec386d135609": {"user_id": "4926f9e9-a8a4-4ef4-8a4e-9370579029d2", "username": "pr28416", "created_at": 1743197973, "expires_at": 1745789973}}')
2025-03-28 17:41:35,057 - MessageService - INFO - Parsed sessions data: {'a5d59204-5491-487d-8e74-ea9dc8eb8200': {'user_id': '4926f9e9-a8a4-4ef4-8a4e-9370579029d2', 'username': 'pr28416', 'created_at': 1743194747, 'expires_at': 1745786747}, '8903954e-543b-4e3d-a339-d8a64ba842f5': {'user_id': '4926f9e9-a8a4-4ef4-8a4e-9370579029d2', 'username': 'pr28416', 'created_at': 1743195316, 'expires_at': 1745787316}, '3f288273-95f1-4ba4-87b2-822ab8b2175c': {'user_id': '4926f9e9-a8a4-4ef4-8a4e-9370579029d2', 'username': 'pr28416', 'created_at': 1743195715, 'expires_at': 1745787715}, '17457ce7-16b1-4009-8f83-1abca12d075d': {'user_id': '4926f9e9-a8a4-4ef4-8a4e-9370579029d2', 'username': 'pr28416', 'created_at': 1743195830, 'expires_at': 1745787830}, 'b7fc5b02-20fa-4cba-a23e-6acdd73b8efe': {'user_id': '4926f9e9-a8a4-4ef4-8a4e-9370579029d2', 'username': 'pr28416', 'created_at': 1743196663, 'expires_at': 1745788663}, '96dfd340-b55f-4064-a14b-5e8bf21bd2fc': {'user_id': '4926f9e9-a8a4-4ef4-8a4e-9370579029d2', 'username': 'pr28416', 'created_at': 1743196986, 'expires_at': 1745788986}, '8b794aa7-da3b-43bf-baf8-7ffe82ca15c9': {'user_id': '4926f9e9-a8a4-4ef4-8a4e-9370579029d2', 'username': 'pr28416', 'created_at': 1743197034, 'expires_at': 1745789034}, 'fa76e4bd-5fa8-4948-a077-e74553b4032e': {'user_id': '56ee9387-ecfc-411f-9c1c-cd2ebc5dfc7a', 'username': 'mzcassim', 'created_at': 1743197046, 'expires_at': 1745789046}, 'cb3b2d1f-cbde-4396-b457-ec386d135609': {'user_id': '4926f9e9-a8a4-4ef4-8a4e-9370579029d2', 'username': 'pr28416', 'created_at': 1743197973, 'expires_at': 1745789973}}
2025-03-28 17:41:35,067 - RaftServer - INFO - Raft server node 5 started on localhost:50055
2025-03-28 17:41:35,082 - Node-5 - INFO - Received 1 entries from leader
2025-03-28 17:41:35,082 - Node-5 - INFO - Appended log entry at index 868: {'type': 'noop'}
2025-03-28 17:41:35,092 - Node-5 - INFO - Updated commit index from 867 to 868
2025-03-28 17:41:35,092 - Node-5 - INFO - Applying entries from index 868 to 868
2025-03-28 17:41:35,376 - Node-5 - INFO - Node status requested, reporting state: NodeState.FOLLOWER
2025-03-28 17:41:35,411 - Node-5 - INFO - Health check requested, reporting status: 1
2025-03-28 17:41:37,391 - Node-5 - INFO - Node status requested, reporting state: NodeState.FOLLOWER
2025-03-28 17:41:39,408 - Node-5 - INFO - Node status requested, reporting state: NodeState.FOLLOWER
2025-03-28 17:41:39,423 - Node-5 - INFO - Health check requested, reporting status: 1
2025-03-28 17:41:41,427 - Node-5 - INFO - Node status requested, reporting state: NodeState.FOLLOWER
2025-03-28 17:41:41,440 - Node-5 - INFO - Health check requested, reporting status: 1
2025-03-28 17:41:43,437 - Node-5 - INFO - Node status requested, reporting state: NodeState.FOLLOWER
2025-03-28 17:41:43,451 - Node-5 - INFO - Health check requested, reporting status: 1
2025-03-28 17:41:45,446 - Node-5 - INFO - Node status requested, reporting state: NodeState.FOLLOWER
2025-03-28 17:41:45,459 - Node-5 - INFO - Health check requested, reporting status: 1
2025-03-28 17:41:47,459 - Node-5 - INFO - Node status requested, reporting state: NodeState.FOLLOWER
2025-03-28 17:41:47,473 - Node-5 - INFO - Health check requested, reporting status: 1
2025-03-28 17:41:49,469 - Node-5 - INFO - Node status requested, reporting state: NodeState.FOLLOWER
2025-03-28 17:41:49,486 - Node-5 - INFO - Health check requested, reporting status: 1
2025-03-28 17:41:51,479 - Node-5 - INFO - Node status requested, reporting state: NodeState.FOLLOWER
2025-03-28 17:41:51,494 - Node-5 - INFO - Health check requested, reporting status: 1
2025-03-28 17:41:53,493 - Node-5 - INFO - Node status requested, reporting state: NodeState.FOLLOWER
2025-03-28 17:41:53,506 - Node-5 - INFO - Health check requested, reporting status: 1
2025-03-28 17:41:55,507 - Node-5 - INFO - Node status requested, reporting state: NodeState.FOLLOWER
2025-03-28 17:41:55,522 - Node-5 - INFO - Health check requested, reporting status: 1
2025-03-28 17:41:57,520 - Node-5 - INFO - Node status requested, reporting state: NodeState.FOLLOWER
2025-03-28 17:41:57,536 - Node-5 - INFO - Health check requested, reporting status: 1
2025-03-28 17:41:59,539 - Node-5 - INFO - Node status requested, reporting state: NodeState.FOLLOWER
2025-03-28 17:41:59,553 - Node-5 - INFO - Health check requested, reporting status: 1
2025-03-28 17:42:01,547 - Node-5 - INFO - Node status requested, reporting state: NodeState.FOLLOWER
2025-03-28 17:42:01,560 - Node-5 - INFO - Health check requested, reporting status: 1
2025-03-28 17:42:03,556 - Node-5 - INFO - Node status requested, reporting state: NodeState.FOLLOWER
2025-03-28 17:42:03,568 - Node-5 - INFO - Health check requested, reporting status: 1
2025-03-28 17:42:05,578 - Node-5 - INFO - Node status requested, reporting state: NodeState.FOLLOWER
2025-03-28 17:42:05,590 - Node-5 - INFO - Health check requested, reporting status: 1
2025-03-28 17:42:07,591 - Node-5 - INFO - Node status requested, reporting state: NodeState.FOLLOWER
2025-03-28 17:42:07,605 - Node-5 - INFO - Health check requested, reporting status: 1
2025-03-28 17:42:09,623 - Node-5 - INFO - Node status requested, reporting state: NodeState.FOLLOWER
2025-03-28 17:42:09,671 - Node-5 - INFO - Health check requested, reporting status: 1
2025-03-28 17:42:10,808 - Node-5 - INFO - Starting election for term 11117
2025-03-28 17:42:12,192 - Node-5 - INFO - Starting election for term 11118
2025-03-28 17:42:13,125 - Node-5 - INFO - Received 1 entries from leader
2025-03-28 17:42:13,125 - Node-5 - INFO - Appended log entry at index 869: {'type': 'noop'}
2025-03-28 17:42:13,137 - Node-5 - INFO - Updated commit index from 868 to 869
2025-03-28 17:42:13,164 - Node-5 - INFO - Applying entries from index 869 to 869
2025-03-28 17:42:13,196 - Node-5 - INFO - Node status requested, reporting state: NodeState.FOLLOWER
2025-03-28 17:42:13,233 - Node-5 - INFO - Health check requested, reporting status: 1
2025-03-28 17:42:13,328 - Node-5 - INFO - Granted vote to node 2 for term 11120
2025-03-28 17:42:13,341 - Node-5 - INFO - Received 1 entries from leader
2025-03-28 17:42:13,341 - Node-5 - INFO - Appended log entry at index 870: {'type': 'noop'}
2025-03-28 17:42:13,352 - Node-5 - INFO - Updated commit index from 869 to 870
2025-03-28 17:42:13,392 - Node-5 - INFO - Applying entries from index 870 to 870
2025-03-28 17:42:15,213 - Node-5 - INFO - Node status requested, reporting state: NodeState.FOLLOWER
2025-03-28 17:42:15,242 - Node-5 - INFO - Health check requested, reporting status: 1
2025-03-28 17:42:17,227 - Node-5 - INFO - Node status requested, reporting state: NodeState.FOLLOWER
2025-03-28 17:42:17,248 - Node-5 - INFO - Health check requested, reporting status: 1
2025-03-28 17:42:19,245 - Node-5 - INFO - Node status requested, reporting state: NodeState.FOLLOWER
2025-03-28 17:42:19,261 - Node-5 - INFO - Health check requested, reporting status: 1
2025-03-28 17:42:21,266 - Node-5 - INFO - Node status requested, reporting state: NodeState.FOLLOWER
2025-03-28 17:42:21,302 - Node-5 - INFO - Health check requested, reporting status: 1
2025-03-28 17:42:23,292 - Node-5 - INFO - Node status requested, reporting state: NodeState.FOLLOWER
2025-03-28 17:42:23,321 - Node-5 - INFO - Health check requested, reporting status: 1
2025-03-28 17:42:25,313 - Node-5 - INFO - Node status requested, reporting state: NodeState.FOLLOWER
2025-03-28 17:42:25,346 - Node-5 - INFO - Health check requested, reporting status: 1
2025-03-28 17:42:25,351 - Node-5 - INFO - Starting election for term 11121
2025-03-28 17:42:26,043 - Node-5 - INFO - Granted vote to node 1 for term 11122
2025-03-28 17:42:26,062 - Node-5 - INFO - Received 1 entries from leader
2025-03-28 17:42:26,062 - Node-5 - INFO - Appended log entry at index 871: {'type': 'noop'}
2025-03-28 17:42:26,081 - Node-5 - INFO - Updated commit index from 870 to 871
2025-03-28 17:42:26,093 - Node-5 - INFO - Applying entries from index 871 to 871
2025-03-28 17:42:27,334 - Node-5 - INFO - Node status requested, reporting state: NodeState.FOLLOWER
2025-03-28 17:42:27,364 - Node-5 - INFO - Health check requested, reporting status: 1
2025-03-28 17:42:29,354 - Node-5 - INFO - Node status requested, reporting state: NodeState.FOLLOWER
2025-03-28 17:42:29,368 - Node-5 - INFO - Health check requested, reporting status: 1
2025-03-28 17:42:31,367 - Node-5 - INFO - Node status requested, reporting state: NodeState.FOLLOWER
2025-03-28 17:42:31,385 - Node-5 - INFO - Health check requested, reporting status: 1
2025-03-28 17:42:33,378 - Node-5 - INFO - Node status requested, reporting state: NodeState.FOLLOWER
2025-03-28 17:42:33,396 - Node-5 - INFO - Health check requested, reporting status: 1
2025-03-28 17:42:35,391 - Node-5 - INFO - Node status requested, reporting state: NodeState.FOLLOWER
2025-03-28 17:42:35,407 - Node-5 - INFO - Health check requested, reporting status: 1
2025-03-28 17:42:37,426 - Node-5 - INFO - Starting election for term 11123
2025-03-28 17:42:38,446 - Node-5 - INFO - Granted vote to node 1 for term 11124
2025-03-28 17:42:38,446 - Node-5 - INFO - Node status requested, reporting state: NodeState.FOLLOWER
2025-03-28 17:42:38,462 - Node-5 - INFO - Received 1 entries from leader
2025-03-28 17:42:38,462 - Node-5 - INFO - Appended log entry at index 872: {'type': 'noop'}
2025-03-28 17:42:38,474 - Node-5 - INFO - Updated commit index from 871 to 872
2025-03-28 17:42:38,501 - Node-5 - INFO - Applying entries from index 872 to 872
2025-03-28 17:42:38,730 - Node-5 - INFO - Health check requested, reporting status: 1
2025-03-28 17:42:39,445 - Node-5 - INFO - Starting election for term 11125
2025-03-28 17:42:40,413 - Node-5 - INFO - Granted vote to node 1 for term 11126
2025-03-28 17:42:40,429 - Node-5 - INFO - Received 1 entries from leader
2025-03-28 17:42:40,429 - Node-5 - INFO - Appended log entry at index 873: {'type': 'noop'}
2025-03-28 17:42:40,442 - Node-5 - INFO - Updated commit index from 872 to 873
2025-03-28 17:42:40,471 - Node-5 - INFO - Applying entries from index 873 to 873
2025-03-28 17:42:49,969 - RaftServer - INFO - Shutting down node 5...
