2025-03-28 01:06:09,420 - Node-3 - INFO - Initializing node 3
2025-03-28 01:06:09,420 - Node-3 - INFO - Loaded 386 log entries from disk
2025-03-28 01:06:09,420 - Node-3 - INFO - Loaded state machine with 13 items from disk
2025-03-28 01:06:09,420 - Node-3 - INFO - Loaded metadata from disk: term=1494, commit_index=385, last_applied=385
2025-03-28 01:06:09,421 - Node-3 - INFO - Initialized node 3 as FOLLOWER
2025-03-28 01:06:09,427 - RaftServer - INFO - Raft server node 3 started on localhost:50053
2025-03-28 01:06:09,584 - Node-3 - INFO - Starting election for term 1495
2025-03-28 01:06:09,599 - Node-3 - INFO - Became LEADER for term 1495
2025-03-28 01:06:09,601 - Node-3 - INFO - No-op entry successfully appended to log, leadership established
2025-03-28 01:06:09,601 - Node-3 - INFO - Sending 1 entries to node 1 starting at index 386
2025-03-28 01:06:09,602 - Node-3 - INFO - AppendEntries failed to node 1, decremented nextIndex from 386 to 385
2025-03-28 01:06:09,602 - Node-3 - INFO - Sending 2 entries to node 1 starting at index 385
2025-03-28 01:06:09,602 - Node-3 - INFO - AppendEntries failed to node 1, decremented nextIndex from 385 to 384
2025-03-28 01:06:09,603 - Node-3 - INFO - Sending 3 entries to node 1 starting at index 384
2025-03-28 01:06:09,603 - Node-3 - INFO - AppendEntries failed to node 1, decremented nextIndex from 384 to 383
2025-03-28 01:06:09,603 - Node-3 - INFO - Sending 4 entries to node 1 starting at index 383
2025-03-28 01:06:09,606 - Node-3 - INFO - AppendEntries successful to node 1, updated nextIndex to 387
2025-03-28 01:06:09,606 - Node-3 - INFO - Updated commit index to 386
2025-03-28 01:06:09,606 - Node-3 - INFO - Commit index advanced from 385 to 386
2025-03-28 01:06:09,608 - Node-3 - INFO - Sending 1 entries to node 2 starting at index 386
2025-03-28 01:06:09,610 - Node-3 - INFO - AppendEntries successful to node 2, updated nextIndex to 387
2025-03-28 01:06:09,610 - Node-3 - INFO - Sending 1 entries to node 4 starting at index 386
2025-03-28 01:06:09,611 - Node-3 - ERROR - Error sending AppendEntries to node 4: <_InactiveRpcError of RPC that terminated with:
	status = StatusCode.UNAVAILABLE
	details = "failed to connect to all addresses; last error: UNKNOWN: ipv4:127.0.0.1:50054: Failed to connect to remote host: Connection refused"
	debug_error_string = "UNKNOWN:failed to connect to all addresses; last error: UNKNOWN: ipv4:127.0.0.1:50054: Failed to connect to remote host: Connection refused {grpc_status:14, created_time:"2025-03-28T01:06:09.611428-04:00"}"
>
2025-03-28 01:06:09,611 - Node-3 - INFO - Sending 1 entries to node 5 starting at index 386
2025-03-28 01:06:09,611 - Node-3 - ERROR - Error sending AppendEntries to node 5: <_InactiveRpcError of RPC that terminated with:
	status = StatusCode.UNAVAILABLE
	details = "failed to connect to all addresses; last error: UNKNOWN: ipv4:127.0.0.1:50055: Failed to connect to remote host: Connection refused"
	debug_error_string = "UNKNOWN:failed to connect to all addresses; last error: UNKNOWN: ipv4:127.0.0.1:50055: Failed to connect to remote host: Connection refused {grpc_status:14, created_time:"2025-03-28T01:06:09.611893-04:00"}"
>
2025-03-28 01:06:09,653 - Node-3 - INFO - Applying entries from index 386 to 386
2025-03-28 01:06:09,668 - Node-3 - INFO - Sending 1 entries to node 4 starting at index 386
2025-03-28 01:06:09,668 - Node-3 - ERROR - Error sending AppendEntries to node 4: <_InactiveRpcError of RPC that terminated with:
	status = StatusCode.UNAVAILABLE
	details = "failed to connect to all addresses; last error: UNKNOWN: ipv4:127.0.0.1:50054: Failed to connect to remote host: Connection refused"
	debug_error_string = "UNKNOWN:failed to connect to all addresses; last error: UNKNOWN: ipv4:127.0.0.1:50054: Failed to connect to remote host: Connection refused {created_time:"2025-03-28T01:06:09.668687-04:00", grpc_status:14}"
>
2025-03-28 01:06:09,668 - Node-3 - INFO - Sending 1 entries to node 5 starting at index 386
2025-03-28 01:06:09,669 - Node-3 - ERROR - Error sending AppendEntries to node 5: <_InactiveRpcError of RPC that terminated with:
	status = StatusCode.UNAVAILABLE
	details = "failed to connect to all addresses; last error: UNKNOWN: ipv4:127.0.0.1:50055: Failed to connect to remote host: Connection refused"
	debug_error_string = "UNKNOWN:failed to connect to all addresses; last error: UNKNOWN: ipv4:127.0.0.1:50055: Failed to connect to remote host: Connection refused {created_time:"2025-03-28T01:06:09.669305-04:00", grpc_status:14}"
>
2025-03-28 01:06:09,725 - Node-3 - INFO - Sending 1 entries to node 4 starting at index 386
2025-03-28 01:06:09,725 - Node-3 - ERROR - Error sending AppendEntries to node 4: <_InactiveRpcError of RPC that terminated with:
	status = StatusCode.UNAVAILABLE
	details = "failed to connect to all addresses; last error: UNKNOWN: ipv4:127.0.0.1:50054: Failed to connect to remote host: Connection refused"
	debug_error_string = "UNKNOWN:failed to connect to all addresses; last error: UNKNOWN: ipv4:127.0.0.1:50054: Failed to connect to remote host: Connection refused {created_time:"2025-03-28T01:06:09.725633-04:00", grpc_status:14}"
>
2025-03-28 01:06:09,725 - Node-3 - INFO - Sending 1 entries to node 5 starting at index 386
2025-03-28 01:06:09,726 - Node-3 - ERROR - Error sending AppendEntries to node 5: <_InactiveRpcError of RPC that terminated with:
	status = StatusCode.UNAVAILABLE
	details = "failed to connect to all addresses; last error: UNKNOWN: ipv4:127.0.0.1:50055: Failed to connect to remote host: Connection refused"
	debug_error_string = "UNKNOWN:failed to connect to all addresses; last error: UNKNOWN: ipv4:127.0.0.1:50055: Failed to connect to remote host: Connection refused {created_time:"2025-03-28T01:06:09.726295-04:00", grpc_status:14}"
>
2025-03-28 01:06:09,783 - Node-3 - INFO - Sending 1 entries to node 4 starting at index 386
2025-03-28 01:06:09,784 - Node-3 - ERROR - Error sending AppendEntries to node 4: <_InactiveRpcError of RPC that terminated with:
	status = StatusCode.UNAVAILABLE
	details = "failed to connect to all addresses; last error: UNKNOWN: ipv4:127.0.0.1:50054: Failed to connect to remote host: Connection refused"
	debug_error_string = "UNKNOWN:failed to connect to all addresses; last error: UNKNOWN: ipv4:127.0.0.1:50054: Failed to connect to remote host: Connection refused {grpc_status:14, created_time:"2025-03-28T01:06:09.784624-04:00"}"
>
2025-03-28 01:06:09,784 - Node-3 - INFO - Sending 1 entries to node 5 starting at index 386
2025-03-28 01:06:09,785 - Node-3 - ERROR - Error sending AppendEntries to node 5: <_InactiveRpcError of RPC that terminated with:
	status = StatusCode.UNAVAILABLE
	details = "failed to connect to all addresses; last error: UNKNOWN: ipv4:127.0.0.1:50055: Failed to connect to remote host: Connection refused"
	debug_error_string = "UNKNOWN:failed to connect to all addresses; last error: UNKNOWN: ipv4:127.0.0.1:50055: Failed to connect to remote host: Connection refused {grpc_status:14, created_time:"2025-03-28T01:06:09.785412-04:00"}"
>
2025-03-28 01:06:09,838 - Node-3 - INFO - Sending 1 entries to node 4 starting at index 386
2025-03-28 01:06:09,839 - Node-3 - ERROR - Error sending AppendEntries to node 4: <_InactiveRpcError of RPC that terminated with:
	status = StatusCode.UNAVAILABLE
	details = "failed to connect to all addresses; last error: UNKNOWN: ipv4:127.0.0.1:50054: Failed to connect to remote host: Connection refused"
	debug_error_string = "UNKNOWN:failed to connect to all addresses; last error: UNKNOWN: ipv4:127.0.0.1:50054: Failed to connect to remote host: Connection refused {grpc_status:14, created_time:"2025-03-28T01:06:09.839425-04:00"}"
>
2025-03-28 01:06:09,839 - Node-3 - INFO - Sending 1 entries to node 5 starting at index 386
2025-03-28 01:06:09,840 - Node-3 - ERROR - Error sending AppendEntries to node 5: <_InactiveRpcError of RPC that terminated with:
	status = StatusCode.UNAVAILABLE
	details = "failed to connect to all addresses; last error: UNKNOWN: ipv4:127.0.0.1:50055: Failed to connect to remote host: Connection refused"
	debug_error_string = "UNKNOWN:failed to connect to all addresses; last error: UNKNOWN: ipv4:127.0.0.1:50055: Failed to connect to remote host: Connection refused {grpc_status:14, created_time:"2025-03-28T01:06:09.840214-04:00"}"
>
2025-03-28 01:06:09,896 - Node-3 - INFO - Sending 1 entries to node 4 starting at index 386
2025-03-28 01:06:09,897 - Node-3 - ERROR - Error sending AppendEntries to node 4: <_InactiveRpcError of RPC that terminated with:
	status = StatusCode.UNAVAILABLE
	details = "failed to connect to all addresses; last error: UNKNOWN: ipv4:127.0.0.1:50054: Failed to connect to remote host: Connection refused"
	debug_error_string = "UNKNOWN:failed to connect to all addresses; last error: UNKNOWN: ipv4:127.0.0.1:50054: Failed to connect to remote host: Connection refused {created_time:"2025-03-28T01:06:09.896984-04:00", grpc_status:14}"
>
2025-03-28 01:06:09,897 - Node-3 - INFO - Sending 1 entries to node 5 starting at index 386
2025-03-28 01:06:09,897 - Node-3 - ERROR - Error sending AppendEntries to node 5: <_InactiveRpcError of RPC that terminated with:
	status = StatusCode.UNAVAILABLE
	details = "failed to connect to all addresses; last error: UNKNOWN: ipv4:127.0.0.1:50055: Failed to connect to remote host: Connection refused"
	debug_error_string = "UNKNOWN:failed to connect to all addresses; last error: UNKNOWN: ipv4:127.0.0.1:50055: Failed to connect to remote host: Connection refused {grpc_status:14, created_time:"2025-03-28T01:06:09.897557-04:00"}"
>
2025-03-28 01:06:09,951 - Node-3 - INFO - Sending 1 entries to node 4 starting at index 386
2025-03-28 01:06:09,958 - Node-3 - INFO - AppendEntries successful to node 4, updated nextIndex to 387
2025-03-28 01:06:09,958 - Node-3 - INFO - Sending 1 entries to node 5 starting at index 386
2025-03-28 01:06:09,959 - Node-3 - ERROR - Error sending AppendEntries to node 5: <_InactiveRpcError of RPC that terminated with:
	status = StatusCode.UNAVAILABLE
	details = "failed to connect to all addresses; last error: UNKNOWN: ipv4:127.0.0.1:50055: Failed to connect to remote host: Connection refused"
	debug_error_string = "UNKNOWN:failed to connect to all addresses; last error: UNKNOWN: ipv4:127.0.0.1:50055: Failed to connect to remote host: Connection refused {grpc_status:14, created_time:"2025-03-28T01:06:09.958911-04:00"}"
>
2025-03-28 01:06:10,013 - Node-3 - INFO - Sending 1 entries to node 5 starting at index 386
2025-03-28 01:06:10,014 - Node-3 - ERROR - Error sending AppendEntries to node 5: <_InactiveRpcError of RPC that terminated with:
	status = StatusCode.UNAVAILABLE
	details = "failed to connect to all addresses; last error: UNKNOWN: ipv4:127.0.0.1:50055: Failed to connect to remote host: Connection refused"
	debug_error_string = "UNKNOWN:failed to connect to all addresses; last error: UNKNOWN: ipv4:127.0.0.1:50055: Failed to connect to remote host: Connection refused {created_time:"2025-03-28T01:06:10.01423-04:00", grpc_status:14}"
>
2025-03-28 01:06:10,069 - Node-3 - INFO - Sending 1 entries to node 5 starting at index 386
2025-03-28 01:06:10,070 - Node-3 - ERROR - Error sending AppendEntries to node 5: <_InactiveRpcError of RPC that terminated with:
	status = StatusCode.UNAVAILABLE
	details = "failed to connect to all addresses; last error: UNKNOWN: ipv4:127.0.0.1:50055: Failed to connect to remote host: Connection refused"
	debug_error_string = "UNKNOWN:failed to connect to all addresses; last error: UNKNOWN: ipv4:127.0.0.1:50055: Failed to connect to remote host: Connection refused {created_time:"2025-03-28T01:06:10.070453-04:00", grpc_status:14}"
>
2025-03-28 01:06:10,129 - Node-3 - INFO - Sending 1 entries to node 5 starting at index 386
2025-03-28 01:06:10,129 - Node-3 - ERROR - Error sending AppendEntries to node 5: <_InactiveRpcError of RPC that terminated with:
	status = StatusCode.UNAVAILABLE
	details = "failed to connect to all addresses; last error: UNKNOWN: ipv4:127.0.0.1:50055: Failed to connect to remote host: Connection refused"
	debug_error_string = "UNKNOWN:failed to connect to all addresses; last error: UNKNOWN: ipv4:127.0.0.1:50055: Failed to connect to remote host: Connection refused {grpc_status:14, created_time:"2025-03-28T01:06:10.129739-04:00"}"
>
2025-03-28 01:06:10,189 - Node-3 - INFO - Sending 1 entries to node 5 starting at index 386
2025-03-28 01:06:10,190 - Node-3 - ERROR - Error sending AppendEntries to node 5: <_InactiveRpcError of RPC that terminated with:
	status = StatusCode.UNAVAILABLE
	details = "failed to connect to all addresses; last error: UNKNOWN: ipv4:127.0.0.1:50055: Failed to connect to remote host: Connection refused"
	debug_error_string = "UNKNOWN:failed to connect to all addresses; last error: UNKNOWN: ipv4:127.0.0.1:50055: Failed to connect to remote host: Connection refused {grpc_status:14, created_time:"2025-03-28T01:06:10.190382-04:00"}"
>
2025-03-28 01:06:10,244 - Node-3 - INFO - Sending 1 entries to node 5 starting at index 386
2025-03-28 01:06:10,245 - Node-3 - ERROR - Error sending AppendEntries to node 5: <_InactiveRpcError of RPC that terminated with:
	status = StatusCode.UNAVAILABLE
	details = "failed to connect to all addresses; last error: UNKNOWN: ipv4:127.0.0.1:50055: Failed to connect to remote host: Connection refused"
	debug_error_string = "UNKNOWN:failed to connect to all addresses; last error: UNKNOWN: ipv4:127.0.0.1:50055: Failed to connect to remote host: Connection refused {created_time:"2025-03-28T01:06:10.245555-04:00", grpc_status:14}"
>
2025-03-28 01:06:10,302 - Node-3 - INFO - Sending 1 entries to node 5 starting at index 386
2025-03-28 01:06:10,303 - Node-3 - ERROR - Error sending AppendEntries to node 5: <_InactiveRpcError of RPC that terminated with:
	status = StatusCode.UNAVAILABLE
	details = "failed to connect to all addresses; last error: UNKNOWN: ipv4:127.0.0.1:50055: Failed to connect to remote host: Connection refused"
	debug_error_string = "UNKNOWN:failed to connect to all addresses; last error: UNKNOWN: ipv4:127.0.0.1:50055: Failed to connect to remote host: Connection refused {created_time:"2025-03-28T01:06:10.303472-04:00", grpc_status:14}"
>
2025-03-28 01:06:10,362 - Node-3 - INFO - Sending 1 entries to node 5 starting at index 386
2025-03-28 01:06:10,362 - Node-3 - ERROR - Error sending AppendEntries to node 5: <_InactiveRpcError of RPC that terminated with:
	status = StatusCode.UNAVAILABLE
	details = "failed to connect to all addresses; last error: UNKNOWN: ipv4:127.0.0.1:50055: Failed to connect to remote host: Connection refused"
	debug_error_string = "UNKNOWN:failed to connect to all addresses; last error: UNKNOWN: ipv4:127.0.0.1:50055: Failed to connect to remote host: Connection refused {created_time:"2025-03-28T01:06:10.362654-04:00", grpc_status:14}"
>
2025-03-28 01:06:10,416 - Node-3 - INFO - Sending 1 entries to node 5 starting at index 386
2025-03-28 01:06:10,416 - Node-3 - ERROR - Error sending AppendEntries to node 5: <_InactiveRpcError of RPC that terminated with:
	status = StatusCode.UNAVAILABLE
	details = "failed to connect to all addresses; last error: UNKNOWN: ipv4:127.0.0.1:50055: Failed to connect to remote host: Connection refused"
	debug_error_string = "UNKNOWN:failed to connect to all addresses; last error: UNKNOWN: ipv4:127.0.0.1:50055: Failed to connect to remote host: Connection refused {grpc_status:14, created_time:"2025-03-28T01:06:10.416632-04:00"}"
>
2025-03-28 01:06:10,473 - Node-3 - INFO - Sending 1 entries to node 5 starting at index 386
2025-03-28 01:06:10,477 - Node-3 - INFO - AppendEntries failed to node 5, decremented nextIndex from 386 to 385
2025-03-28 01:06:10,477 - Node-3 - INFO - Sending 2 entries to node 5 starting at index 385
2025-03-28 01:06:10,478 - Node-3 - INFO - AppendEntries failed to node 5, decremented nextIndex from 385 to 384
2025-03-28 01:06:10,478 - Node-3 - INFO - Sending 3 entries to node 5 starting at index 384
2025-03-28 01:06:10,481 - Node-3 - INFO - AppendEntries successful to node 5, updated nextIndex to 387
2025-03-28 01:06:25,935 - Node-3 - INFO - Node status requested, reporting state: NodeState.LEADER
2025-03-28 01:06:26,045 - Node-3 - INFO - Health check requested, reporting status: 1
2025-03-28 01:06:27,950 - Node-3 - INFO - Node status requested, reporting state: NodeState.LEADER
2025-03-28 01:06:29,966 - Node-3 - INFO - Node status requested, reporting state: NodeState.LEADER
2025-03-28 01:06:29,981 - Node-3 - INFO - Health check requested, reporting status: 1
2025-03-28 01:06:31,980 - Node-3 - INFO - Node status requested, reporting state: NodeState.LEADER
2025-03-28 01:06:31,994 - Node-3 - INFO - Health check requested, reporting status: 1
2025-03-28 01:06:33,990 - Node-3 - INFO - Node status requested, reporting state: NodeState.LEADER
2025-03-28 01:06:34,001 - Node-3 - INFO - Health check requested, reporting status: 1
2025-03-28 01:06:36,006 - Node-3 - INFO - Node status requested, reporting state: NodeState.LEADER
2025-03-28 01:06:36,024 - Node-3 - INFO - Health check requested, reporting status: 1
2025-03-28 01:06:38,027 - Node-3 - INFO - Node status requested, reporting state: NodeState.LEADER
2025-03-28 01:06:38,040 - Node-3 - INFO - Health check requested, reporting status: 1
2025-03-28 01:06:40,045 - Node-3 - INFO - Node status requested, reporting state: NodeState.LEADER
2025-03-28 01:06:40,059 - Node-3 - INFO - Health check requested, reporting status: 1
2025-03-28 01:06:42,057 - Node-3 - INFO - Node status requested, reporting state: NodeState.LEADER
2025-03-28 01:06:42,066 - Node-3 - INFO - Health check requested, reporting status: 1
2025-03-28 01:06:44,071 - Node-3 - INFO - Node status requested, reporting state: NodeState.LEADER
2025-03-28 01:06:44,084 - Node-3 - INFO - Health check requested, reporting status: 1
2025-03-28 01:06:46,081 - Node-3 - INFO - Node status requested, reporting state: NodeState.LEADER
2025-03-28 01:06:46,091 - Node-3 - INFO - Health check requested, reporting status: 1
2025-03-28 01:06:48,093 - Node-3 - INFO - Node status requested, reporting state: NodeState.LEADER
2025-03-28 01:06:48,105 - Node-3 - INFO - Health check requested, reporting status: 1
2025-03-28 01:06:50,106 - Node-3 - INFO - Node status requested, reporting state: NodeState.LEADER
2025-03-28 01:06:50,121 - Node-3 - INFO - Health check requested, reporting status: 1
2025-03-28 01:06:52,121 - Node-3 - INFO - Node status requested, reporting state: NodeState.LEADER
2025-03-28 01:06:52,134 - Node-3 - INFO - Health check requested, reporting status: 1
2025-03-28 01:06:54,165 - Node-3 - INFO - Node status requested, reporting state: NodeState.LEADER
2025-03-28 01:06:54,175 - Node-3 - INFO - Health check requested, reporting status: 1
2025-03-28 01:06:56,175 - Node-3 - INFO - Node status requested, reporting state: NodeState.LEADER
2025-03-28 01:06:56,184 - Node-3 - INFO - Health check requested, reporting status: 1
2025-03-28 01:06:58,188 - Node-3 - INFO - Node status requested, reporting state: NodeState.LEADER
2025-03-28 01:06:58,198 - Node-3 - INFO - Health check requested, reporting status: 1
2025-03-28 01:07:00,200 - Node-3 - INFO - Node status requested, reporting state: NodeState.LEADER
2025-03-28 01:07:00,209 - Node-3 - INFO - Health check requested, reporting status: 1
2025-03-28 01:07:02,208 - Node-3 - INFO - Node status requested, reporting state: NodeState.LEADER
2025-03-28 01:07:02,218 - Node-3 - INFO - Health check requested, reporting status: 1
2025-03-28 01:07:04,218 - Node-3 - INFO - Node status requested, reporting state: NodeState.LEADER
2025-03-28 01:07:04,228 - Node-3 - INFO - Health check requested, reporting status: 1
2025-03-28 01:07:06,229 - Node-3 - INFO - Node status requested, reporting state: NodeState.LEADER
2025-03-28 01:07:06,248 - Node-3 - INFO - Health check requested, reporting status: 1
2025-03-28 01:07:08,245 - Node-3 - INFO - Node status requested, reporting state: NodeState.LEADER
2025-03-28 01:07:08,256 - Node-3 - INFO - Health check requested, reporting status: 1
2025-03-28 01:07:10,260 - Node-3 - INFO - Node status requested, reporting state: NodeState.LEADER
2025-03-28 01:07:10,275 - Node-3 - INFO - Health check requested, reporting status: 1
2025-03-28 01:07:12,277 - Node-3 - INFO - Node status requested, reporting state: NodeState.LEADER
2025-03-28 01:07:12,286 - Node-3 - INFO - Health check requested, reporting status: 1
2025-03-28 01:07:14,296 - Node-3 - INFO - Node status requested, reporting state: NodeState.LEADER
2025-03-28 01:07:14,311 - Node-3 - INFO - Health check requested, reporting status: 1
2025-03-28 01:07:16,310 - Node-3 - INFO - Node status requested, reporting state: NodeState.LEADER
2025-03-28 01:07:16,327 - Node-3 - INFO - Health check requested, reporting status: 1
2025-03-28 01:07:18,327 - Node-3 - INFO - Node status requested, reporting state: NodeState.LEADER
2025-03-28 01:07:18,341 - Node-3 - INFO - Health check requested, reporting status: 1
2025-03-28 01:07:20,340 - Node-3 - INFO - Node status requested, reporting state: NodeState.LEADER
2025-03-28 01:07:20,352 - Node-3 - INFO - Health check requested, reporting status: 1
2025-03-28 01:07:22,359 - Node-3 - INFO - Node status requested, reporting state: NodeState.LEADER
2025-03-28 01:07:22,374 - Node-3 - INFO - Health check requested, reporting status: 1
2025-03-28 01:07:24,371 - Node-3 - INFO - Node status requested, reporting state: NodeState.LEADER
2025-03-28 01:07:24,384 - Node-3 - INFO - Health check requested, reporting status: 1
2025-03-28 01:07:26,435 - RaftServer - INFO - Shutting down node 3...
2025-03-28 01:07:26,435 - RaftServer - INFO - Shutting down node 3...
